<?xml version="1.0" encoding="UTF-8"?>
<!-- Generated by org.testng.reporters.JUnitReportReporter -->
<testsuite skipped="0" hostname="CHETHAN" name="testng.Testing" tests="1" failures="0" timestamp="09 May 2017 08:15:30 GMT" time="0.003" errors="0">
  <testcase name="TestA" time="0.003" classname="testng.Testing"/>
</testsuite> <!-- testng.Testing -->
