<?xml version="1.0" encoding="UTF-8"?>
<!-- Generated by org.testng.reporters.JUnitReportReporter -->
<testsuite skipped="0" hostname="CHETHAN" name="testng.NewTest" tests="1" failures="0" timestamp="09 May 2017 08:15:30 GMT" time="0.011" errors="0">
  <testcase name="f" time="0.011" classname="testng.NewTest"/>
</testsuite> <!-- testng.NewTest -->
